<<<<<<< HEAD
<<<<<<< HEAD
<<<<<<< HEAD
Script started on 2022-12-08 01:58:28+00:00 [TERM="xterm" TTY="/dev/pts/0" COLUMNS="206" LINES="58"]
git status
git log -1
make clean
ls
make runTests
exit]0;dtcoe@instance-2: ~/Project3_CT_bluedtcoe@instance-2:~/Project3_CT_blue$ git status
On branch main
Your branch is up to date with 'origin/main'.
=======
Script started on 2022-12-09 04:25:17+00:00 [TERM="xterm-256color" TTY="/dev/pts/0" COLUMNS="80" LINES="24"]
[?2004h]0;Patron@instance-1: ~/Project3_CT_blue[01;32mPatron@instance-1[00m:[01;34m~/Project3_CT_blue[00m$ git status
[?2004lOn branch FrontendDeveloper
Your branch is up to date with 'origin/FrontendDeveloper'.
>>>>>>> FrontendDeveloper
=======
Script started on 2022-12-08 00:23:56+00:00 [TERM="xterm-256color" TTY="/dev/pts/0" COLUMNS="120" LINES="30"]
[?2004h]0;ibhutoria@instance-1f: ~/Project3_CT_blue[01;32mibhutoria@instance-1f[00m:[01;34m~/Project3_CT_blue[00m$ git status
[?2004lOn branch AlgorithmEngineer
Your branch is up to date with 'origin/AlgorithmEngineer'.

Changes not staged for commit:
  (use "git add/rm <file>..." to update what will be committed)
  (use "git restore <file>..." to discard changes in working directory)
	[31mdeleted:    AlgorithmEngineerTests.class[m
	[31mdeleted:    FlightTicketADT.class[m
	[31mdeleted:    FlightTicketGraph$EPath.class[m
	[31mdeleted:    FlightTicketGraph$Edge.class[m
	[31mdeleted:    FlightTicketGraph$Path.class[m
	[31mdeleted:    FlightTicketGraph$Vertex.class[m
	[31mdeleted:    FlightTicketGraph.class[m
	[31mdeleted:    GraphADT.java[m
	[31mdeleted:    ITicket.class[m
>>>>>>> AlgorithmEngineer

Untracked files:
  (use "git add <file>..." to include in what will be committed)
	[31mlog[m

<<<<<<< HEAD
nothing added to commit but untracked files present (use "git add" to track)
[?2004h]0;Patron@instance-1: ~/Project3_CT_blue[01;32mPatron@instance-1[00m:[01;34m~/Project3_CT_blue[00m$ git log -1
[?2004l[?1h=[33mcommit a95eeb47b81c6f21bfba45635c65dc4d08cd0517[m[33m ([m[1;36mHEAD -> [m[1;32mFrontendDeveloper[m[33m, [m[1;31morig[m [33m[m[33m[m[1;36m[m[1;32m[m[33m[m[1;31min/FrontendDeveloper[m[33m)[m[m
Author: Gaurav <gmchopra@wisc.edu>[m
Date:   Fri Dec 9 04:24:34 2022 +0000[m
[m
<<<<<<< HEAD
    removing classes from branch[m
[K[?1l>]0;dtcoe@instance-2: ~/Project3_CT_bluedtcoe@instance-2:~/Project3_CT_blue$ make clean
rm *.class
rm: cannot remove '*.class': No such file or directory
make: *** [Makefile:15: clean] Error 1
]0;dtcoe@instance-2: ~/Project3_CT_bluedtcoe@instance-2:~/Project3_CT_blue$ ls
CSVToDOTLoader.java                                                                  DataWranglerTests.java  IFDTicket.java  ITicketBackend.java   ITicketLoader.java  Ticket.java   TicketLoader.java  log
Consumer_Airfare_Report__Table_1_-_Top_1_000_Contiguous_State_City-Pair_Markets.csv  GraphADT.java           ITicket.java    ITicketFrontEnd.java  Makefile            TicketDOT.gv  [0m[01;31mjunit5.jar[0m
]0;dtcoe@instance-2: ~/Project3_CT_bluedtcoe@instance-2:~/Project3_CT_blue$ make runTests
javac CSVToDOTLoader.java
java CSVToDOTLoader > TicketDOT.gv
javac Ticket.java
javac TicketLoader.java
javac -cp .:junit5.jar DataWranglerTests.java
java -jar junit5.jar --class-path=. --include-classname=.* --select-class=DataWranglerTests
java.nio.file.NoSuchFileException: fakefile.csv
	at java.base/sun.nio.fs.UnixException.translateToIOException(UnixException.java:92)
	at java.base/sun.nio.fs.UnixException.rethrowAsIOException(UnixException.java:106)
	at java.base/sun.nio.fs.UnixException.rethrowAsIOException(UnixException.java:111)
	at java.base/sun.nio.fs.UnixFileSystemProvider.newFileChannel(UnixFileSystemProvider.java:181)
	at java.base/java.nio.channels.FileChannel.open(FileChannel.java:298)
	at java.base/java.nio.channels.FileChannel.open(FileChannel.java:357)
	at java.base/java.nio.file.Files.lines(Files.java:4132)
	at java.base/java.nio.file.Files.lines(Files.java:4227)
	at CSVToDOTLoader.loadCSV(CSVToDOTLoader.java:36)
	at DataWranglerTests.test2(DataWranglerTests.java:123)
	at java.base/jdk.internal.reflect.NativeMethodAccessorImpl.invoke0(Native Method)
	at java.base/jdk.internal.reflect.NativeMethodAccessorImpl.invoke(NativeMethodAccessorImpl.java:77)
	at java.base/jdk.internal.reflect.DelegatingMethodAccessorImpl.invoke(DelegatingMethodAccessorImpl.java:43)
	at java.base/java.lang.reflect.Method.invoke(Method.java:568)
	at org.junit.platform.commons.util.ReflectionUtils.invokeMethod(ReflectionUtils.java:675)
	at org.junit.jupiter.engine.execution.MethodInvocation.proceed(MethodInvocation.java:60)
	at org.junit.jupiter.engine.execution.InvocationInterceptorChain$ValidatingInvocation.proceed(InvocationInterceptorChain.java:125)
	at org.junit.jupiter.engine.extension.TimeoutExtension.intercept(TimeoutExtension.java:132)
	at org.junit.jupiter.engine.extension.TimeoutExtension.interceptTestableMethod(TimeoutExtension.java:124)
	at org.junit.jupiter.engine.extension.TimeoutExtension.interceptTestMethod(TimeoutExtension.java:74)
	at org.junit.jupiter.engine.execution.ExecutableInvoker$ReflectiveInterceptorCall.lambda$ofVoidMethod$0(ExecutableInvoker.java:115)
	at org.junit.jupiter.engine.execution.ExecutableInvoker.lambda$invoke$0(ExecutableInvoker.java:105)
	at org.junit.jupiter.engine.execution.InvocationInterceptorChain$InterceptedInvocation.proceed(InvocationInterceptorChain.java:104)
	at org.junit.jupiter.engine.execution.InvocationInterceptorChain.proceed(InvocationInterceptorChain.java:62)
	at org.junit.jupiter.engine.execution.InvocationInterceptorChain.chainAndInvoke(InvocationInterceptorChain.java:43)
	at org.junit.jupiter.engine.execution.InvocationInterceptorChain.invoke(InvocationInterceptorChain.java:35)
	at org.junit.jupiter.engine.execution.ExecutableInvoker.invoke(ExecutableInvoker.java:104)
	at org.junit.jupiter.engine.execution.ExecutableInvoker.invoke(ExecutableInvoker.java:98)
	at org.junit.jupiter.engine.descriptor.TestMethodTestDescriptor.lambda$invokeTestMethod$6(TestMethodTestDescriptor.java:202)
	at org.junit.platform.engine.support.hierarchical.ThrowableCollector.execute(ThrowableCollector.java:73)
	at org.junit.jupiter.engine.descriptor.TestMethodTestDescriptor.invokeTestMethod(TestMethodTestDescriptor.java:198)
	at org.junit.jupiter.engine.descriptor.TestMethodTestDescriptor.execute(TestMethodTestDescriptor.java:135)
	at org.junit.jupiter.engine.descriptor.TestMethodTestDescriptor.execute(TestMethodTestDescriptor.java:69)
	at org.junit.platform.engine.support.hierarchical.NodeTestTask.lambda$executeRecursively$5(NodeTestTask.java:135)
	at org.junit.platform.engine.support.hierarchical.ThrowableCollector.execute(ThrowableCollector.java:73)
	at org.junit.platform.engine.support.hierarchical.NodeTestTask.lambda$executeRecursively$7(NodeTestTask.java:125)
	at org.junit.platform.engine.support.hierarchical.Node.around(Node.java:135)
	at org.junit.platform.engine.support.hierarchical.NodeTestTask.lambda$executeRecursively$8(NodeTestTask.java:123)
	at org.junit.platform.engine.support.hierarchical.ThrowableCollector.execute(ThrowableCollector.java:73)
	at org.junit.platform.engine.support.hierarchical.NodeTestTask.executeRecursively(NodeTestTask.java:122)
	at org.junit.platform.engine.support.hierarchical.NodeTestTask.execute(NodeTestTask.java:80)
	at java.base/java.util.ArrayList.forEach(ArrayList.java:1511)
	at org.junit.platform.engine.support.hierarchical.SameThreadHierarchicalTestExecutorService.invokeAll(SameThreadHierarchicalTestExecutorService.java:38)
	at org.junit.platform.engine.support.hierarchical.NodeTestTask.lambda$executeRecursively$5(NodeTestTask.java:139)
	at org.junit.platform.engine.support.hierarchical.ThrowableCollector.execute(ThrowableCollector.java:73)
	at org.junit.platform.engine.support.hierarchical.NodeTestTask.lambda$executeRecursively$7(NodeTestTask.java:125)
	at org.junit.platform.engine.support.hierarchical.Node.around(Node.java:135)
	at org.junit.platform.engine.support.hierarchical.NodeTestTask.lambda$executeRecursively$8(NodeTestTask.java:123)
	at org.junit.platform.engine.support.hierarchical.ThrowableCollector.execute(ThrowableCollector.java:73)
	at org.junit.platform.engine.support.hierarchical.NodeTestTask.executeRecursively(NodeTestTask.java:122)
	at org.junit.platform.engine.support.hierarchical.NodeTestTask.execute(NodeTestTask.java:80)
	at java.base/java.util.ArrayList.forEach(ArrayList.java:1511)
	at org.junit.platform.engine.support.hierarchical.SameThreadHierarchicalTestExecutorService.invokeAll(SameThreadHierarchicalTestExecutorService.java:38)
	at org.junit.platform.engine.support.hierarchical.NodeTestTask.lambda$executeRecursively$5(NodeTestTask.java:139)
	at org.junit.platform.engine.support.hierarchical.ThrowableCollector.execute(ThrowableCollector.java:73)
	at org.junit.platform.engine.support.hierarchical.NodeTestTask.lambda$executeRecursively$7(NodeTestTask.java:125)
	at org.junit.platform.engine.support.hierarchical.Node.around(Node.java:135)
	at org.junit.platform.engine.support.hierarchical.NodeTestTask.lambda$executeRecursively$8(NodeTestTask.java:123)
	at org.junit.platform.engine.support.hierarchical.ThrowableCollector.execute(ThrowableCollector.java:73)
	at org.junit.platform.engine.support.hierarchical.NodeTestTask.executeRecursively(NodeTestTask.java:122)
	at org.junit.platform.engine.support.hierarchical.NodeTestTask.execute(NodeTestTask.java:80)
	at org.junit.platform.engine.support.hierarchical.SameThreadHierarchicalTestExecutorService.submit(SameThreadHierarchicalTestExecutorService.java:32)
	at org.junit.platform.engine.support.hierarchical.HierarchicalTestExecutor.execute(HierarchicalTestExecutor.java:57)
	at org.junit.platform.engine.support.hierarchical.HierarchicalTestEngine.execute(HierarchicalTestEngine.java:51)
	at org.junit.platform.launcher.core.DefaultLauncher.execute(DefaultLauncher.java:229)
	at org.junit.platform.launcher.core.DefaultLauncher.lambda$execute$6(DefaultLauncher.java:197)
	at org.junit.platform.launcher.core.DefaultLauncher.withInterceptedStreams(DefaultLauncher.java:211)
	at org.junit.platform.launcher.core.DefaultLauncher.execute(DefaultLauncher.java:191)
	at org.junit.platform.launcher.core.DefaultLauncher.execute(DefaultLauncher.java:128)
	at org.junit.platform.console.tasks.ConsoleTestExecutor.executeTests(ConsoleTestExecutor.java:66)
	at org.junit.platform.console.tasks.ConsoleTestExecutor.lambda$execute$0(ConsoleTestExecutor.java:58)
	at org.junit.platform.console.tasks.CustomContextClassLoaderExecutor.replaceThreadContextClassLoaderAndInvoke(CustomContextClassLoaderExecutor.java:41)
	at org.junit.platform.console.tasks.CustomContextClassLoaderExecutor.invoke(CustomContextClassLoaderExecutor.java:31)
	at org.junit.platform.console.tasks.ConsoleTestExecutor.execute(ConsoleTestExecutor.java:58)
	at org.junit.platform.console.ConsoleLauncher.executeTests(ConsoleLauncher.java:106)
	at org.junit.platform.console.ConsoleLauncher.execute(ConsoleLauncher.java:90)
	at org.junit.platform.console.ConsoleLauncher.execute(ConsoleLauncher.java:49)
	at org.junit.platform.console.ConsoleLauncher.main(ConsoleLauncher.java:41)
=======
Script started on 2022-12-08 05:08:19+00:00 [TERM="xterm-256color" TTY="/dev/pts/1" COLUMNS="77" LINES="36"]
[?2004h]0;ychen877@lecture-demo: ~/cs400/week11/P3W1/Project3_CT_blue[01;32mychen877@lecture-demo[00m:[01;34m~/cs400/week11/P3W1/Project3_CT_blue[00m$ git status
[?2004lOn branch BackendDeveloper
Your branch is ahead of 'origin/BackendDeveloper' by 2 commits.
  (use "git push" to publish your local commits)

Untracked files:
  (use "git add <file>..." to include in what will be committed)
	[31mBackendDeveloperTest.class[m
	[31mFlightTicketADT.class[m
	[31mFlightTicketBD$Edge.class[m
	[31mFlightTicketBD$Vertex.class[m
	[31mFlightTicketBD.class[m
	[31mITicket.class[m
	[31mITicketBackend.class[m
	[31mTicketBackend.class[m
	[31mlog[m

nothing added to commit but untracked files present (use "git add" to track)
[?2004h]0;ychen877@lecture-demo: ~/cs400/week11/P3W1/Project3_CT_blue[01;32mychen877@lecture-demo[00m:[01;34m~/cs400/week11/P3W1/Project3_CT_blue[00m$ git log -1
[?2004l[?1h=[33mcommit 3ee2a406f7fc9e2ae39feb3a351a74d7945cf315[m[33m ([m[1;36mHEAD -> [m[1;32mBackendDeveloper[m[33m)[m[m
Author: Yanbin Chen <ychen877@wisc.edu>[m
Date:   Thu Dec 8 05:07:43 2022 +0000[m
[m
    Added makefile and junit5.jar[m
[K[?1l>[?2004h]0;ychen877@lecture-demo: ~/cs400/week11/P3W1/Project3_CT_blue[01;32mychen877@lecture-demo[00m:[01;34m~/cs400/week11/P3W1/Project3_CT_blue[00m$ make clean
[?2004lrm *.class
[?2004h]0;ychen877@lecture-demo: ~/cs400/week11/P3W1/Project3_CT_blue[01;32mychen877@lecture-demo[00m:[01;34m~/cs400/week11/P3W1/Project3_CT_blue[00m$ ls
[?2004lBackendDeveloperTest.java  ITicket.java         TicketBackend.java
FlightTicketADT.java       ITicketBackend.java  [0m[01;31mjunit5.jar[0m
FlightTicketBD.java        Makefile             log
[?2004h]0;ychen877@lecture-demo: ~/cs400/week11/P3W1/Project3_CT_blue[01;32mychen877@lecture-demo[00m:[01;34m~/cs400/week11/P3W1/Project3_CT_blue[00m$ make runTests
[?2004ljavac ITicketBackend.java
javac TicketBackend.java
javac FlightTicketBD.java
javac -cp .:junit5.jar BackendDeveloperTest.java
java -jar junit5.jar --class-path=. --include-classname=.* --select-class=BackendDeveloperTest
>>>>>>> BackendDeveloper
=======
    Removed wrong log fike[m
[K[?1l>[?2004h]0;Patron@instance-1: ~/Project3_CT_blue[01;32mPatron@instance-1[00m:[01;34m~/Project3_CT_blue[00m$ makw[Ke clean
[?2004lrm *.class
[?2004h]0;Patron@instance-1: ~/Project3_CT_blue[01;32mPatron@instance-1[00m:[01;34m~/Project3_CT_blue[00m$ ls
[?2004lFrontendDeveloperTest.java  ITicketLoader.java    TicketFrontend.java
GraphADT.java               Makefile              TicketLoaderFD.java
ITicket.java                TextUITester.java     [0m[01;31mjunit5.jar[0m
ITicketBackend.java         Ticket.java           log
ITicketFrontEnd.java        TicketBackendFD.java
[?2004h]0;Patron@instance-1: ~/Project3_CT_blue[01;32mPatron@instance-1[00m:[01;34m~/Project3_CT_blue[00m$ make runTests
[?2004ljavac Ticket.java
javac TicketFrontend.java
javac TicketBackendFD.java
javac TicketLoaderFD.java
javac TextUITester.java
javac -cp .:junit5.jar FrontendDeveloperTest.java
java -jar junit5.jar --class-path=. --include-classname=.* --select-class=FrontendDeveloperTest
>>>>>>> FrontendDeveloper
=======
no changes added to commit (use "git add" and/or "git commit -a")
[?2004h]0;ibhutoria@instance-1f: ~/Project3_CT_blue[01;32mibhutoria@instance-1f[00m:[01;34m~/Project3_CT_blue[00m$ git log -1
[?2004l[?1h=[33mcommit d8adb4bd6a3e3314020f3c9990dc50a82e458cd5[m[33m ([m[1;36mHEAD -> [m[1;32mAlgorithmEngineer[m[33m, [m[1;31morigin/AlgorithmEngineer[m[33m)[m[m
Author: Ishan Bhutoria <ibhutoria@wisc.edu>[m
Date:   Thu Dec 8 00:22:48 2022 +0000[m
[m
    Added all Algo files[m
[K[?1l>[?2004h]0;ibhutoria@instance-1f: ~/Project3_CT_blue[01;32mibhutoria@instance-1f[00m:[01;34m~/Project3_CT_blue[00m$ make clean
[?2004lrm *.class
rm: cannot remove '*.class': No such file or directory
make: *** [Makefile:9: clean] Error 1
[?2004h]0;ibhutoria@instance-1f: ~/Project3_CT_blue[01;32mibhutoria@instance-1f[00m:[01;34m~/Project3_CT_blue[00m$ ls
[?2004l1                            FlightTicketGraph.java  ITicketBackend.java   Makefile
AlgorithmEngineerTests.java  IFDTicket.java          ITicketFrontEnd.java  [0m[01;31mjunit5.jar[0m
FlightTicketADT.java         ITicket.java            ITicketLoader.java    log
[?2004h]0;ibhutoria@instance-1f: ~/Project3_CT_blue[01;32mibhutoria@instance-1f[00m:[01;34m~/Project3_CT_blue[00m$ make runTests
[?2004ljavac FlightTicketGraph.java
javac -cp .:junit5.jar AlgorithmEngineerTests.java
java -jar junit5.jar --class-path=. --include-classname=.* --select-class=AlgorithmEngineerTests
>>>>>>> AlgorithmEngineer

Thanks for using JUnit! Support its development at https://junit.org/sponsoring

[36mâ•·[0m
[36mâ”œâ”€[0m [36mJUnit Jupiter[0m [32mâœ”[0m
<<<<<<< HEAD
<<<<<<< HEAD
<<<<<<< HEAD
[36mâ”‚  â””â”€[0m [36mDataWranglerTests[0m [32mâœ”[0m
=======
[36mâ”‚  â””â”€[0m [36mFrontendDeveloperTest[0m [32mâœ”[0m
>>>>>>> FrontendDeveloper
[36mâ”‚     â”œâ”€[0m [34mtest1()[0m [32mâœ”[0m
[36mâ”‚     â”œâ”€[0m [34mtest2()[0m [32mâœ”[0m
[36mâ”‚     â”œâ”€[0m [34mtest3()[0m [32mâœ”[0m
[36mâ”‚     â”œâ”€[0m [34mtest4()[0m [32mâœ”[0m
[36mâ”‚     â””â”€[0m [34mtest5()[0m [32mâœ”[0m
[36mâ””â”€[0m [36mJUnit Vintage[0m [32mâœ”[0m

<<<<<<< HEAD
Test run finished after 3339 ms
=======
[36mâ”‚  â””â”€[0m [36mBackendDeveloperTest[0m [32mâœ”[0m
[36mâ”‚     â”œâ”€[0m [34mtestSearchByDeparture()[0m [32mâœ”[0m
[36mâ”‚     â”œâ”€[0m [34mtestPathFound()[0m [32mâœ”[0m
[36mâ”‚     â”œâ”€[0m [34mtestGetLeastTransferPath()[0m [32mâœ”[0m
[36mâ”‚     â”œâ”€[0m [34mtestSearchByDestination()[0m [32mâœ”[0m
[36mâ”‚     â””â”€[0m [34mtestGetCheapestPath()[0m [32mâœ”[0m
[36mâ””â”€[0m [36mJUnit Vintage[0m [32mâœ”[0m

Test run finished after 159 ms
>>>>>>> BackendDeveloper
=======
Test run finished after 221 ms
>>>>>>> FrontendDeveloper
=======
[36mâ”‚  â””â”€[0m [36mAlgorithmEngineerTests[0m [32mâœ”[0m
[36mâ”‚     â”œâ”€[0m [34mtestGetCheapestAndLeastTransferPathAndPathCostAustinToMadison()[0m [32mâœ”[0m
[36mâ”‚     â”œâ”€[0m [34mtestCheapestPathAndLeastTransferPathWithInvalidInput()[0m [32mâœ”[0m
[36mâ”‚     â”œâ”€[0m [34mtestGetCheapestPathAndTransferPathAndPathCostMadisonToBoston()[0m [32mâœ”[0m
[36mâ”‚     â”œâ”€[0m [34mtestGetCheapestAndLeastTransferPathAndPathCostMadisonToChicago()[0m [32mâœ”[0m
[36mâ”‚     â””â”€[0m [34mtestGetCheapestAndLeastTransferPathAndPathCostMadisonToMiami()[0m [32mâœ”[0m
[36mâ””â”€[0m [36mJUnit Vintage[0m [32mâœ”[0m

Test run finished after 164 ms
>>>>>>> AlgorithmEngineer
[         3 containers found      ]
[         0 containers skipped    ]
[         3 containers started    ]
[         0 containers aborted    ]
[         3 containers successful ]
[         0 containers failed     ]
[         5 tests found           ]
[         0 tests skipped         ]
[         5 tests started         ]
[         0 tests aborted         ]
[         5 tests successful      ]
[         0 tests failed          ]

<<<<<<< HEAD
<<<<<<< HEAD
<<<<<<< HEAD
]0;dtcoe@instance-2: ~/Project3_CT_bluedtcoe@instance-2:~/Project3_CT_blue$ exit
exit

Script done on 2022-12-08 01:58:50+00:00 [COMMAND_EXIT_CODE="0"]
=======
[?2004h]0;ychen877@lecture-demo: ~/cs400/week11/P3W1/Project3_CT_blue[01;32mychen877@lecture-demo[00m:[01;34m~/cs400/week11/P3W1/Project3_CT_blue[00m$ exit
[?2004lexit

Script done on 2022-12-08 05:08:59+00:00 [COMMAND_EXIT_CODE="0"]
>>>>>>> BackendDeveloper
=======
[?2004h]0;Patron@instance-1: ~/Project3_CT_blue[01;32mPatron@instance-1[00m:[01;34m~/Project3_CT_blue[00m$ exir[Kt
[?2004lexit

Script done on 2022-12-09 04:26:04+00:00 [COMMAND_EXIT_CODE="0"]
>>>>>>> FrontendDeveloper
=======
[?2004h]0;ibhutoria@instance-1f: ~/Project3_CT_blue[01;32mibhutoria@instance-1f[00m:[01;34m~/Project3_CT_blue[00m$ exit[K[K[K[Kls
[?2004l 1                             'FlightTicketGraph$EPath.class'    FlightTicketGraph.java   ITicketFrontEnd.java
 AlgorithmEngineerTests.class  'FlightTicketGraph$Edge.class'     IFDTicket.java           ITicketLoader.java
 AlgorithmEngineerTests.java   'FlightTicketGraph$Path.class'     ITicket.class            Makefile
 FlightTicketADT.class         'FlightTicketGraph$Vertex.class'   ITicket.java             [0m[01;31mjunit5.jar[0m
 FlightTicketADT.java           FlightTicketGraph.class           ITicketBackend.java      log
[?2004h]0;ibhutoria@instance-1f: ~/Project3_CT_blue[01;32mibhutoria@instance-1f[00m:[01;34m~/Project3_CT_blue[00m$ exit
[?2004lexit

Script done on 2022-12-08 00:24:56+00:00 [COMMAND_EXIT_CODE="0"]
>>>>>>> AlgorithmEngineer
