Script started on 2022-12-08 01:58:28+00:00 [TERM="xterm" TTY="/dev/pts/0" COLUMNS="206" LINES="58"]
git status
git log -1
make clean
ls
make runTests
exit]0;dtcoe@instance-2: ~/Project3_CT_bluedtcoe@instance-2:~/Project3_CT_blue$ git status
On branch main
Your branch is up to date with 'origin/main'.

Untracked files:
  (use "git add <file>..." to include in what will be committed)
	[31mlog[m

nothing added to commit but untracked files present (use "git add" to track)
]0;dtcoe@instance-2: ~/Project3_CT_bluedtcoe@instance-2:~/Project3_CT_blue$ git log -1
[?1h=[33mcommit 9e42f923a80d0cba23c14624d187a06c62b293fb[m[33m ([m[1;36mHEAD -> [m[1;32mmain[m[33m, [m[1;31morigin/main[m[33m, [m[1;31morigin/HEAD[m[33m)[m[m
Author: Dylan Coe <dtcoe@wisc.edu>[m
Date:   Thu Dec 8 01:54:04 2022 +0000[m
[m
    removing classes from branch[m
[K[?1l>]0;dtcoe@instance-2: ~/Project3_CT_bluedtcoe@instance-2:~/Project3_CT_blue$ make clean
rm *.class
rm: cannot remove '*.class': No such file or directory
make: *** [Makefile:15: clean] Error 1
]0;dtcoe@instance-2: ~/Project3_CT_bluedtcoe@instance-2:~/Project3_CT_blue$ ls
CSVToDOTLoader.java                                                                  DataWranglerTests.java  IFDTicket.java  ITicketBackend.java   ITicketLoader.java  Ticket.java   TicketLoader.java  log
Consumer_Airfare_Report__Table_1_-_Top_1_000_Contiguous_State_City-Pair_Markets.csv  GraphADT.java           ITicket.java    ITicketFrontEnd.java  Makefile            TicketDOT.gv  [0m[01;31mjunit5.jar[0m
]0;dtcoe@instance-2: ~/Project3_CT_bluedtcoe@instance-2:~/Project3_CT_blue$ make runTests
javac CSVToDOTLoader.java
java CSVToDOTLoader > TicketDOT.gv
javac Ticket.java
javac TicketLoader.java
javac -cp .:junit5.jar DataWranglerTests.java
java -jar junit5.jar --class-path=. --include-classname=.* --select-class=DataWranglerTests
java.nio.file.NoSuchFileException: fakefile.csv
	at java.base/sun.nio.fs.UnixException.translateToIOException(UnixException.java:92)
	at java.base/sun.nio.fs.UnixException.rethrowAsIOException(UnixException.java:106)
	at java.base/sun.nio.fs.UnixException.rethrowAsIOException(UnixException.java:111)
	at java.base/sun.nio.fs.UnixFileSystemProvider.newFileChannel(UnixFileSystemProvider.java:181)
	at java.base/java.nio.channels.FileChannel.open(FileChannel.java:298)
	at java.base/java.nio.channels.FileChannel.open(FileChannel.java:357)
	at java.base/java.nio.file.Files.lines(Files.java:4132)
	at java.base/java.nio.file.Files.lines(Files.java:4227)
	at CSVToDOTLoader.loadCSV(CSVToDOTLoader.java:36)
	at DataWranglerTests.test2(DataWranglerTests.java:123)
	at java.base/jdk.internal.reflect.NativeMethodAccessorImpl.invoke0(Native Method)
	at java.base/jdk.internal.reflect.NativeMethodAccessorImpl.invoke(NativeMethodAccessorImpl.java:77)
	at java.base/jdk.internal.reflect.DelegatingMethodAccessorImpl.invoke(DelegatingMethodAccessorImpl.java:43)
	at java.base/java.lang.reflect.Method.invoke(Method.java:568)
	at org.junit.platform.commons.util.ReflectionUtils.invokeMethod(ReflectionUtils.java:675)
	at org.junit.jupiter.engine.execution.MethodInvocation.proceed(MethodInvocation.java:60)
	at org.junit.jupiter.engine.execution.InvocationInterceptorChain$ValidatingInvocation.proceed(InvocationInterceptorChain.java:125)
	at org.junit.jupiter.engine.extension.TimeoutExtension.intercept(TimeoutExtension.java:132)
	at org.junit.jupiter.engine.extension.TimeoutExtension.interceptTestableMethod(TimeoutExtension.java:124)
	at org.junit.jupiter.engine.extension.TimeoutExtension.interceptTestMethod(TimeoutExtension.java:74)
	at org.junit.jupiter.engine.execution.ExecutableInvoker$ReflectiveInterceptorCall.lambda$ofVoidMethod$0(ExecutableInvoker.java:115)
	at org.junit.jupiter.engine.execution.ExecutableInvoker.lambda$invoke$0(ExecutableInvoker.java:105)
	at org.junit.jupiter.engine.execution.InvocationInterceptorChain$InterceptedInvocation.proceed(InvocationInterceptorChain.java:104)
	at org.junit.jupiter.engine.execution.InvocationInterceptorChain.proceed(InvocationInterceptorChain.java:62)
	at org.junit.jupiter.engine.execution.InvocationInterceptorChain.chainAndInvoke(InvocationInterceptorChain.java:43)
	at org.junit.jupiter.engine.execution.InvocationInterceptorChain.invoke(InvocationInterceptorChain.java:35)
	at org.junit.jupiter.engine.execution.ExecutableInvoker.invoke(ExecutableInvoker.java:104)
	at org.junit.jupiter.engine.execution.ExecutableInvoker.invoke(ExecutableInvoker.java:98)
	at org.junit.jupiter.engine.descriptor.TestMethodTestDescriptor.lambda$invokeTestMethod$6(TestMethodTestDescriptor.java:202)
	at org.junit.platform.engine.support.hierarchical.ThrowableCollector.execute(ThrowableCollector.java:73)
	at org.junit.jupiter.engine.descriptor.TestMethodTestDescriptor.invokeTestMethod(TestMethodTestDescriptor.java:198)
	at org.junit.jupiter.engine.descriptor.TestMethodTestDescriptor.execute(TestMethodTestDescriptor.java:135)
	at org.junit.jupiter.engine.descriptor.TestMethodTestDescriptor.execute(TestMethodTestDescriptor.java:69)
	at org.junit.platform.engine.support.hierarchical.NodeTestTask.lambda$executeRecursively$5(NodeTestTask.java:135)
	at org.junit.platform.engine.support.hierarchical.ThrowableCollector.execute(ThrowableCollector.java:73)
	at org.junit.platform.engine.support.hierarchical.NodeTestTask.lambda$executeRecursively$7(NodeTestTask.java:125)
	at org.junit.platform.engine.support.hierarchical.Node.around(Node.java:135)
	at org.junit.platform.engine.support.hierarchical.NodeTestTask.lambda$executeRecursively$8(NodeTestTask.java:123)
	at org.junit.platform.engine.support.hierarchical.ThrowableCollector.execute(ThrowableCollector.java:73)
	at org.junit.platform.engine.support.hierarchical.NodeTestTask.executeRecursively(NodeTestTask.java:122)
	at org.junit.platform.engine.support.hierarchical.NodeTestTask.execute(NodeTestTask.java:80)
	at java.base/java.util.ArrayList.forEach(ArrayList.java:1511)
	at org.junit.platform.engine.support.hierarchical.SameThreadHierarchicalTestExecutorService.invokeAll(SameThreadHierarchicalTestExecutorService.java:38)
	at org.junit.platform.engine.support.hierarchical.NodeTestTask.lambda$executeRecursively$5(NodeTestTask.java:139)
	at org.junit.platform.engine.support.hierarchical.ThrowableCollector.execute(ThrowableCollector.java:73)
	at org.junit.platform.engine.support.hierarchical.NodeTestTask.lambda$executeRecursively$7(NodeTestTask.java:125)
	at org.junit.platform.engine.support.hierarchical.Node.around(Node.java:135)
	at org.junit.platform.engine.support.hierarchical.NodeTestTask.lambda$executeRecursively$8(NodeTestTask.java:123)
	at org.junit.platform.engine.support.hierarchical.ThrowableCollector.execute(ThrowableCollector.java:73)
	at org.junit.platform.engine.support.hierarchical.NodeTestTask.executeRecursively(NodeTestTask.java:122)
	at org.junit.platform.engine.support.hierarchical.NodeTestTask.execute(NodeTestTask.java:80)
	at java.base/java.util.ArrayList.forEach(ArrayList.java:1511)
	at org.junit.platform.engine.support.hierarchical.SameThreadHierarchicalTestExecutorService.invokeAll(SameThreadHierarchicalTestExecutorService.java:38)
	at org.junit.platform.engine.support.hierarchical.NodeTestTask.lambda$executeRecursively$5(NodeTestTask.java:139)
	at org.junit.platform.engine.support.hierarchical.ThrowableCollector.execute(ThrowableCollector.java:73)
	at org.junit.platform.engine.support.hierarchical.NodeTestTask.lambda$executeRecursively$7(NodeTestTask.java:125)
	at org.junit.platform.engine.support.hierarchical.Node.around(Node.java:135)
	at org.junit.platform.engine.support.hierarchical.NodeTestTask.lambda$executeRecursively$8(NodeTestTask.java:123)
	at org.junit.platform.engine.support.hierarchical.ThrowableCollector.execute(ThrowableCollector.java:73)
	at org.junit.platform.engine.support.hierarchical.NodeTestTask.executeRecursively(NodeTestTask.java:122)
	at org.junit.platform.engine.support.hierarchical.NodeTestTask.execute(NodeTestTask.java:80)
	at org.junit.platform.engine.support.hierarchical.SameThreadHierarchicalTestExecutorService.submit(SameThreadHierarchicalTestExecutorService.java:32)
	at org.junit.platform.engine.support.hierarchical.HierarchicalTestExecutor.execute(HierarchicalTestExecutor.java:57)
	at org.junit.platform.engine.support.hierarchical.HierarchicalTestEngine.execute(HierarchicalTestEngine.java:51)
	at org.junit.platform.launcher.core.DefaultLauncher.execute(DefaultLauncher.java:229)
	at org.junit.platform.launcher.core.DefaultLauncher.lambda$execute$6(DefaultLauncher.java:197)
	at org.junit.platform.launcher.core.DefaultLauncher.withInterceptedStreams(DefaultLauncher.java:211)
	at org.junit.platform.launcher.core.DefaultLauncher.execute(DefaultLauncher.java:191)
	at org.junit.platform.launcher.core.DefaultLauncher.execute(DefaultLauncher.java:128)
	at org.junit.platform.console.tasks.ConsoleTestExecutor.executeTests(ConsoleTestExecutor.java:66)
	at org.junit.platform.console.tasks.ConsoleTestExecutor.lambda$execute$0(ConsoleTestExecutor.java:58)
	at org.junit.platform.console.tasks.CustomContextClassLoaderExecutor.replaceThreadContextClassLoaderAndInvoke(CustomContextClassLoaderExecutor.java:41)
	at org.junit.platform.console.tasks.CustomContextClassLoaderExecutor.invoke(CustomContextClassLoaderExecutor.java:31)
	at org.junit.platform.console.tasks.ConsoleTestExecutor.execute(ConsoleTestExecutor.java:58)
	at org.junit.platform.console.ConsoleLauncher.executeTests(ConsoleLauncher.java:106)
	at org.junit.platform.console.ConsoleLauncher.execute(ConsoleLauncher.java:90)
	at org.junit.platform.console.ConsoleLauncher.execute(ConsoleLauncher.java:49)
	at org.junit.platform.console.ConsoleLauncher.main(ConsoleLauncher.java:41)

Thanks for using JUnit! Support its development at https://junit.org/sponsoring

[36mâ•·[0m
[36mâ”œâ”€[0m [36mJUnit Jupiter[0m [32mâœ”[0m
[36mâ”‚  â””â”€[0m [36mDataWranglerTests[0m [32mâœ”[0m
[36mâ”‚     â”œâ”€[0m [34mtest1()[0m [32mâœ”[0m
[36mâ”‚     â”œâ”€[0m [34mtest2()[0m [32mâœ”[0m
[36mâ”‚     â”œâ”€[0m [34mtest3()[0m [32mâœ”[0m
[36mâ”‚     â”œâ”€[0m [34mtest4()[0m [32mâœ”[0m
[36mâ”‚     â””â”€[0m [34mtest5()[0m [32mâœ”[0m
[36mâ””â”€[0m [36mJUnit Vintage[0m [32mâœ”[0m

Test run finished after 3339 ms
[         3 containers found      ]
[         0 containers skipped    ]
[         3 containers started    ]
[         0 containers aborted    ]
[         3 containers successful ]
[         0 containers failed     ]
[         5 tests found           ]
[         0 tests skipped         ]
[         5 tests started         ]
[         0 tests aborted         ]
[         5 tests successful      ]
[         0 tests failed          ]

]0;dtcoe@instance-2: ~/Project3_CT_bluedtcoe@instance-2:~/Project3_CT_blue$ exit
exit

Script done on 2022-12-08 01:58:50+00:00 [COMMAND_EXIT_CODE="0"]
